2017-12-04 14:33:08,686 foo.bar.baz     INFO     listener (for worker 2) Message no. 0
2017-12-04 14:33:08,689 foo.bar.baz     ERROR    listener (for worker 1) Message no. 0
2017-12-04 14:33:08,697 foo.bar.baz     CRITICAL listener (for worker 2) Message no. 1
2017-12-04 14:33:08,700 foo.bar         ERROR    listener (for worker 1) Message no. 1
2017-12-04 14:33:08,705 foo             ERROR    listener (for worker 3) Message no. 2
2017-12-04 14:33:08,707 foo             WARNING  listener (for worker 2) Message no. 2
2017-12-04 14:33:08,710 foo.bar         CRITICAL listener (for worker 1) Message no. 2
2017-12-04 14:33:08,715 foo.bar.baz     INFO     listener (for worker 3) Message no. 3
2017-12-04 14:33:08,720 foo             DEBUG    listener (for worker 1) Message no. 3
2017-12-04 14:33:08,727 foo.bar         ERROR    listener (for worker 2) Message no. 4
2017-12-04 14:33:08,730 foo.bar         INFO     listener (for worker 1) Message no. 4
2017-12-04 14:33:08,737 foo.bar.baz     ERROR    listener (for worker 2) Message no. 5
2017-12-04 14:33:08,747 foo.bar         CRITICAL listener (for worker 2) Message no. 6
2017-12-04 14:33:08,747 foo             CRITICAL listener (for worker 4) Message no. 3
2017-12-04 14:33:08,750 foo             INFO     listener (for worker 1) Message no. 6
2017-12-04 14:33:08,757 foo             CRITICAL listener (for worker 2) Message no. 7
2017-12-04 14:33:08,757 foo.bar.baz     ERROR    listener (for worker 4) Message no. 4
2017-12-04 14:33:08,760 foo.bar.baz     CRITICAL listener (for worker 1) Message no. 7
2017-12-04 14:33:08,765 foo.bar.baz     ERROR    listener (for worker 3) Message no. 8
2017-12-04 14:33:08,767 foo             ERROR    listener (for worker 4) Message no. 5
2017-12-04 14:33:08,770 foo             DEBUG    listener (for worker 1) Message no. 8
2017-12-04 14:33:08,775 foo.bar         INFO     listener (for worker 3) Message no. 9
2017-12-04 14:33:08,777 foo.bar         INFO     listener (for worker 2) Message no. 9
2017-12-04 14:33:08,780 foo.bar         WARNING  listener (for worker 1) Message no. 9
2017-12-04 14:33:08,787 foo.bar.baz     INFO     listener (for worker 2) Message no. 10
2017-12-04 14:33:08,787 foo.bar         INFO     listener (for worker 4) Message no. 7
2017-12-04 14:33:08,790 foo.bar         INFO     listener (for worker 1) Message no. 10
2017-12-04 14:33:08,805 foo             DEBUG    listener (for worker 3) Message no. 12
2017-12-04 14:33:08,810 foo.bar.baz     WARNING  listener (for worker 1) Message no. 12
2017-12-04 14:33:08,816 foo.bar         ERROR    listener (for worker 5) Message no. 3
2017-12-04 14:33:08,817 foo             CRITICAL listener (for worker 2) Message no. 13
2017-12-04 14:33:08,817 foo.bar         INFO     listener (for worker 4) Message no. 10
2017-12-04 14:33:08,820 foo             ERROR    listener (for worker 1) Message no. 13
2017-12-04 14:33:08,825 foo.bar.baz     CRITICAL listener (for worker 3) Message no. 14
2017-12-04 14:33:08,827 foo.bar         CRITICAL listener (for worker 4) Message no. 11
2017-12-04 14:33:08,835 foo.bar.baz     DEBUG    listener (for worker 3) Message no. 15
2017-12-04 14:33:08,836 foo.bar.baz     ERROR    listener (for worker 5) Message no. 5
2017-12-04 14:33:08,837 foo.bar         WARNING  listener (for worker 4) Message no. 12
2017-12-04 14:33:08,837 foo.bar.baz     INFO     listener (for worker 2) Message no. 15
2017-12-04 14:33:08,840 foo             CRITICAL listener (for worker 1) Message no. 15
2017-12-04 14:33:08,845 foo             WARNING  listener (for worker 3) Message no. 16
2017-12-04 14:33:08,855 foo.bar.baz     DEBUG    listener (for worker 3) Message no. 17
2017-12-04 14:33:08,856 foo             ERROR    listener (for worker 5) Message no. 7
2017-12-04 14:33:08,857 foo.bar.baz     ERROR    listener (for worker 4) Message no. 14
2017-12-04 14:33:08,857 foo             ERROR    listener (for worker 2) Message no. 17
2017-12-04 14:33:08,865 foo.bar.baz     CRITICAL listener (for worker 3) Message no. 18
2017-12-04 14:33:08,866 foo             CRITICAL listener (for worker 5) Message no. 8
2017-12-04 14:33:08,867 foo.bar         DEBUG    listener (for worker 2) Message no. 18
2017-12-04 14:33:08,870 foo.bar         INFO     listener (for worker 1) Message no. 18
2017-12-04 14:33:08,875 foo.bar         ERROR    listener (for worker 3) Message no. 19
2017-12-04 14:33:08,876 foo.bar.baz     ERROR    listener (for worker 5) Message no. 9
2017-12-04 14:33:08,877 foo.bar         WARNING  listener (for worker 2) Message no. 19
2017-12-04 14:33:08,897 foo.bar.baz     CRITICAL listener (for worker 2) Message no. 21
2017-12-04 14:33:08,900 foo.bar.baz     INFO     listener (for worker 1) Message no. 21
2017-12-04 14:33:08,905 foo.bar.baz     CRITICAL listener (for worker 3) Message no. 22
2017-12-04 14:33:08,906 foo.bar.baz     DEBUG    listener (for worker 5) Message no. 12
2017-12-04 14:33:08,907 foo.bar.baz     DEBUG    listener (for worker 4) Message no. 19
2017-12-04 14:33:08,910 foo.bar.baz     WARNING  listener (for worker 1) Message no. 22
2017-12-04 14:33:08,916 foo.bar         WARNING  listener (for worker 5) Message no. 13
2017-12-04 14:33:08,917 foo.bar         ERROR    listener (for worker 4) Message no. 20
2017-12-04 14:33:08,920 foo             WARNING  listener (for worker 1) Message no. 23
2017-12-04 14:33:08,927 foo.bar         DEBUG    listener (for worker 2) Message no. 24
2017-12-04 14:33:08,945 foo             INFO     listener (for worker 3) Message no. 26
2017-12-04 14:33:08,946 foo.bar.baz     DEBUG    listener (for worker 5) Message no. 16
2017-12-04 14:33:08,947 foo             WARNING  listener (for worker 4) Message no. 23
2017-12-04 14:33:08,947 foo.bar.baz     WARNING  listener (for worker 2) Message no. 26
2017-12-04 14:33:08,955 foo.bar         DEBUG    listener (for worker 3) Message no. 27
2017-12-04 14:33:08,956 foo.bar.baz     INFO     listener (for worker 5) Message no. 17
2017-12-04 14:33:08,957 foo.bar         DEBUG    listener (for worker 2) Message no. 27
2017-12-04 14:33:08,960 foo.bar         WARNING  listener (for worker 1) Message no. 27
2017-12-04 14:33:08,967 foo.bar         INFO     listener (for worker 2) Message no. 28
2017-12-04 14:33:08,977 foo.bar.baz     CRITICAL listener (for worker 4) Message no. 26
2017-12-04 14:33:08,985 foo.bar.baz     DEBUG    listener (for worker 3) Message no. 30
2017-12-04 14:33:08,987 foo             INFO     listener (for worker 4) Message no. 27
2017-12-04 14:33:08,995 foo.bar         INFO     listener (for worker 3) Message no. 31
2017-12-04 14:33:08,996 foo.bar.baz     DEBUG    listener (for worker 5) Message no. 21
2017-12-04 14:33:08,997 foo.bar         CRITICAL listener (for worker 4) Message no. 28
2017-12-04 14:33:09,006 foo             INFO     listener (for worker 5) Message no. 22
2017-12-04 14:33:09,007 foo.bar.baz     CRITICAL listener (for worker 2) Message no. 32
2017-12-04 14:33:09,010 foo             CRITICAL listener (for worker 1) Message no. 32
2017-12-04 14:33:09,016 foo.bar.baz     CRITICAL listener (for worker 5) Message no. 23
2017-12-04 14:33:09,025 foo.bar.baz     WARNING  listener (for worker 3) Message no. 34
2017-12-04 14:33:09,027 foo.bar         DEBUG    listener (for worker 2) Message no. 34
2017-12-04 14:33:09,027 foo             WARNING  listener (for worker 4) Message no. 31
2017-12-04 14:33:09,036 foo             INFO     listener (for worker 5) Message no. 25
2017-12-04 14:33:09,047 foo             INFO     listener (for worker 4) Message no. 33
2017-12-04 14:33:09,050 foo.bar         DEBUG    listener (for worker 1) Message no. 36
2017-12-04 14:33:09,055 foo.bar.baz     CRITICAL listener (for worker 3) Message no. 37
2017-12-04 14:33:09,057 foo             ERROR    listener (for worker 2) Message no. 37
2017-12-04 14:33:09,065 foo.bar         DEBUG    listener (for worker 3) Message no. 38
2017-12-04 14:33:09,067 foo.bar         DEBUG    listener (for worker 2) Message no. 38
2017-12-04 14:33:09,070 foo.bar.baz     INFO     listener (for worker 1) Message no. 38
2017-12-04 14:33:09,076 foo             ERROR    listener (for worker 5) Message no. 29
2017-12-04 14:33:09,077 foo.bar         ERROR    listener (for worker 2) Message no. 39
2017-12-04 14:33:09,078 foo.bar         CRITICAL listener (for worker 4) Message no. 36
2017-12-04 14:33:09,096 foo.bar.baz     DEBUG    listener (for worker 5) Message no. 31
2017-12-04 14:33:09,098 foo.bar         CRITICAL listener (for worker 4) Message no. 38
2017-12-04 14:33:09,100 foo.bar.baz     DEBUG    listener (for worker 1) Message no. 41
2017-12-04 14:33:09,106 foo.bar         INFO     listener (for worker 5) Message no. 32
2017-12-04 14:33:09,107 foo.bar         CRITICAL listener (for worker 2) Message no. 42
2017-12-04 14:33:09,115 foo.bar         WARNING  listener (for worker 3) Message no. 43
2017-12-04 14:33:09,117 foo             INFO     listener (for worker 2) Message no. 43
2017-12-04 14:33:09,118 foo.bar.baz     WARNING  listener (for worker 4) Message no. 40
2017-12-04 14:33:09,120 foo             CRITICAL listener (for worker 1) Message no. 43
2017-12-04 14:33:09,127 foo.bar         ERROR    listener (for worker 2) Message no. 44
2017-12-04 14:33:09,128 foo.bar.baz     DEBUG    listener (for worker 4) Message no. 41
2017-12-04 14:33:09,130 foo.bar         ERROR    listener (for worker 1) Message no. 44
2017-12-04 14:33:09,135 foo             DEBUG    listener (for worker 3) Message no. 45
2017-12-04 14:33:09,137 foo             INFO     listener (for worker 2) Message no. 45
2017-12-04 14:33:09,145 foo             INFO     listener (for worker 3) Message no. 46
2017-12-04 14:33:09,146 foo.bar.baz     CRITICAL listener (for worker 5) Message no. 36
2017-12-04 14:33:09,150 foo.bar         INFO     listener (for worker 1) Message no. 46
2017-12-04 14:33:09,165 foo.bar         WARNING  listener (for worker 3) Message no. 48
2017-12-04 14:33:09,168 foo.bar.baz     ERROR    listener (for worker 4) Message no. 45
2017-12-04 14:33:09,170 foo.bar         WARNING  listener (for worker 1) Message no. 48
2017-12-04 14:33:09,176 foo.bar.baz     WARNING  listener (for worker 5) Message no. 39
2017-12-04 14:33:09,177 foo.bar         CRITICAL listener (for worker 2) Message no. 49
2017-12-04 14:33:09,180 foo             INFO     listener (for worker 1) Message no. 49
2017-12-04 14:33:09,187 foo.bar.baz     CRITICAL listener (for worker 2) Message no. 50
2017-12-04 14:33:09,195 foo.bar         CRITICAL listener (for worker 3) Message no. 51
2017-12-04 14:33:09,196 foo             DEBUG    listener (for worker 5) Message no. 41
2017-12-04 14:33:09,197 foo             ERROR    listener (for worker 2) Message no. 51
2017-12-04 14:33:09,198 foo             INFO     listener (for worker 4) Message no. 48
2017-12-04 14:33:09,200 foo.bar.baz     DEBUG    listener (for worker 1) Message no. 51
2017-12-04 14:33:09,207 foo.bar         INFO     listener (for worker 2) Message no. 52
2017-12-04 14:33:09,210 foo             INFO     listener (for worker 1) Message no. 52
2017-12-04 14:33:09,217 foo.bar         CRITICAL listener (for worker 2) Message no. 53
2017-12-04 14:33:09,218 foo.bar         CRITICAL listener (for worker 4) Message no. 50
2017-12-04 14:33:09,220 foo.bar.baz     ERROR    listener (for worker 1) Message no. 53
2017-12-04 14:33:09,225 foo.bar.baz     CRITICAL listener (for worker 3) Message no. 54
2017-12-04 14:33:09,228 foo.bar         WARNING  listener (for worker 4) Message no. 51
2017-12-04 14:33:09,235 foo.bar.baz     DEBUG    listener (for worker 3) Message no. 55
2017-12-04 14:33:09,240 foo.bar.baz     ERROR    listener (for worker 1) Message no. 55
2017-12-04 14:33:09,246 foo             INFO     listener (for worker 5) Message no. 46
2017-12-04 14:33:09,246 foo.bar         WARNING  listener (for worker 3) Message no. 56
2017-12-04 14:33:09,247 foo             ERROR    listener (for worker 2) Message no. 56
2017-12-04 14:33:09,256 foo.bar.baz     DEBUG    listener (for worker 3) Message no. 57
2017-12-04 14:33:09,258 foo.bar.baz     DEBUG    listener (for worker 4) Message no. 54
2017-12-04 14:33:09,266 foo             ERROR    listener (for worker 3) Message no. 58
2017-12-04 14:33:09,266 foo.bar.baz     CRITICAL listener (for worker 5) Message no. 48
2017-12-04 14:33:09,267 foo             ERROR    listener (for worker 2) Message no. 58
2017-12-04 14:33:09,270 foo.bar.baz     DEBUG    listener (for worker 1) Message no. 58
2017-12-04 14:33:09,276 foo.bar.baz     ERROR    listener (for worker 3) Message no. 59
2017-12-04 14:33:09,276 foo.bar.baz     INFO     listener (for worker 5) Message no. 49
2017-12-04 14:33:09,280 foo             ERROR    listener (for worker 1) Message no. 59
2017-12-04 14:33:09,286 foo.bar         WARNING  listener (for worker 5) Message no. 50
2017-12-04 14:33:09,287 foo.bar.baz     INFO     listener (for worker 2) Message no. 60
2017-12-04 14:33:09,288 foo.bar.baz     INFO     listener (for worker 4) Message no. 57
2017-12-04 14:33:09,306 foo.bar.baz     CRITICAL listener (for worker 5) Message no. 52
2017-12-04 14:33:09,306 foo.bar.baz     CRITICAL listener (for worker 3) Message no. 62
2017-12-04 14:33:09,307 foo             WARNING  listener (for worker 2) Message no. 62
2017-12-04 14:33:09,316 foo             DEBUG    listener (for worker 3) Message no. 63
2017-12-04 14:33:09,317 foo             INFO     listener (for worker 2) Message no. 63
2017-12-04 14:33:09,326 foo.bar         CRITICAL listener (for worker 5) Message no. 54
2017-12-04 14:33:09,327 foo             ERROR    listener (for worker 2) Message no. 64
2017-12-04 14:33:09,328 foo             DEBUG    listener (for worker 4) Message no. 61
2017-12-04 14:33:09,336 foo.bar         WARNING  listener (for worker 5) Message no. 55
2017-12-04 14:33:09,336 foo             WARNING  listener (for worker 3) Message no. 65
2017-12-04 14:33:09,337 foo             WARNING  listener (for worker 2) Message no. 65
2017-12-04 14:33:09,338 foo             CRITICAL listener (for worker 4) Message no. 62
2017-12-04 14:33:09,340 foo.bar         WARNING  listener (for worker 1) Message no. 65
2017-12-04 14:33:09,346 foo             ERROR    listener (for worker 3) Message no. 66
2017-12-04 14:33:09,346 foo             WARNING  listener (for worker 5) Message no. 56
2017-12-04 14:33:09,356 foo.bar         INFO     listener (for worker 3) Message no. 67
2017-12-04 14:33:09,357 foo.bar.baz     CRITICAL listener (for worker 2) Message no. 67
2017-12-04 14:33:09,358 foo             ERROR    listener (for worker 4) Message no. 64
2017-12-04 14:33:09,366 foo.bar.baz     ERROR    listener (for worker 3) Message no. 68
2017-12-04 14:33:09,367 foo.bar         ERROR    listener (for worker 2) Message no. 68
2017-12-04 14:33:09,370 foo.bar.baz     CRITICAL listener (for worker 1) Message no. 68
2017-12-04 14:33:09,376 foo.bar.baz     DEBUG    listener (for worker 3) Message no. 69
2017-12-04 14:33:09,380 foo             CRITICAL listener (for worker 1) Message no. 69
2017-12-04 14:33:09,386 foo.bar         DEBUG    listener (for worker 3) Message no. 70
2017-12-04 14:33:09,386 foo             ERROR    listener (for worker 5) Message no. 60
2017-12-04 14:33:09,387 foo.bar         INFO     listener (for worker 2) Message no. 70
2017-12-04 14:33:09,388 foo.bar.baz     CRITICAL listener (for worker 4) Message no. 67
2017-12-04 14:33:09,396 foo.bar.baz     ERROR    listener (for worker 3) Message no. 71
2017-12-04 14:33:09,398 foo.bar         INFO     listener (for worker 4) Message no. 68
2017-12-04 14:33:09,408 foo.bar.baz     INFO     listener (for worker 4) Message no. 69
2017-12-04 14:33:09,410 foo.bar         INFO     listener (for worker 1) Message no. 72
2017-12-04 14:33:09,417 foo             ERROR    listener (for worker 2) Message no. 73
2017-12-04 14:33:09,418 foo.bar.baz     DEBUG    listener (for worker 4) Message no. 70
2017-12-04 14:33:09,420 foo.bar.baz     INFO     listener (for worker 1) Message no. 73
2017-12-04 14:33:09,426 foo.bar         WARNING  listener (for worker 5) Message no. 64
2017-12-04 14:33:09,426 foo.bar.baz     CRITICAL listener (for worker 3) Message no. 74
2017-12-04 14:33:09,427 foo.bar.baz     INFO     listener (for worker 2) Message no. 74
2017-12-04 14:33:09,428 foo.bar         CRITICAL listener (for worker 4) Message no. 71
2017-12-04 14:33:09,430 foo.bar         WARNING  listener (for worker 1) Message no. 74
2017-12-04 14:33:09,436 foo.bar         DEBUG    listener (for worker 3) Message no. 75
2017-12-04 14:33:09,437 foo.bar         DEBUG    listener (for worker 2) Message no. 75
2017-12-04 14:33:09,438 foo.bar.baz     INFO     listener (for worker 4) Message no. 72
2017-12-04 14:33:09,440 foo.bar.baz     DEBUG    listener (for worker 1) Message no. 75
2017-12-04 14:33:09,446 foo.bar.baz     ERROR    listener (for worker 3) Message no. 76
2017-12-04 14:33:09,446 foo             INFO     listener (for worker 5) Message no. 66
2017-12-04 14:33:09,448 foo             ERROR    listener (for worker 4) Message no. 73
2017-12-04 14:33:09,450 foo             INFO     listener (for worker 1) Message no. 76
2017-12-04 14:33:09,456 foo.bar.baz     CRITICAL listener (for worker 3) Message no. 77
2017-12-04 14:33:09,457 foo.bar         ERROR    listener (for worker 2) Message no. 77
2017-12-04 14:33:09,467 foo             ERROR    listener (for worker 2) Message no. 78
2017-12-04 14:33:09,468 foo             DEBUG    listener (for worker 4) Message no. 75
2017-12-04 14:33:09,470 foo.bar.baz     ERROR    listener (for worker 1) Message no. 78
2017-12-04 14:33:09,480 foo.bar         CRITICAL listener (for worker 1) Message no. 79
2017-12-04 14:33:09,488 foo.bar         WARNING  listener (for worker 4) Message no. 77
2017-12-04 14:33:09,496 foo.bar         INFO     listener (for worker 3) Message no. 81
2017-12-04 14:33:09,506 foo             INFO     listener (for worker 3) Message no. 82
2017-12-04 14:33:09,507 foo.bar.baz     CRITICAL listener (for worker 2) Message no. 82
2017-12-04 14:33:09,507 foo             WARNING  listener (for worker 5) Message no. 72
2017-12-04 14:33:09,508 foo.bar         ERROR    listener (for worker 4) Message no. 79
2017-12-04 14:33:09,523 foo             CRITICAL listener (for worker 1) Message no. 83
2017-12-04 14:33:09,526 foo.bar         INFO     listener (for worker 3) Message no. 84
2017-12-04 14:33:09,527 foo             DEBUG    listener (for worker 5) Message no. 74
2017-12-04 14:33:09,536 foo             INFO     listener (for worker 3) Message no. 85
2017-12-04 14:33:09,537 foo.bar         INFO     listener (for worker 5) Message no. 75
2017-12-04 14:33:09,537 foo             ERROR    listener (for worker 2) Message no. 85
2017-12-04 14:33:09,538 foo.bar         ERROR    listener (for worker 4) Message no. 82
2017-12-04 14:33:09,546 foo.bar         CRITICAL listener (for worker 3) Message no. 86
2017-12-04 14:33:09,547 foo.bar         CRITICAL listener (for worker 5) Message no. 76
2017-12-04 14:33:09,547 foo.bar         INFO     listener (for worker 2) Message no. 86
2017-12-04 14:33:09,556 foo             DEBUG    listener (for worker 3) Message no. 87
2017-12-04 14:33:09,557 foo             INFO     listener (for worker 2) Message no. 87
2017-12-04 14:33:09,558 foo.bar         WARNING  listener (for worker 4) Message no. 84
2017-12-04 14:33:09,563 foo.bar.baz     WARNING  listener (for worker 1) Message no. 87
2017-12-04 14:33:09,566 foo.bar         ERROR    listener (for worker 3) Message no. 88
2017-12-04 14:33:09,567 foo.bar         INFO     listener (for worker 2) Message no. 88
2017-12-04 14:33:09,576 foo.bar.baz     INFO     listener (for worker 3) Message no. 89
2017-12-04 14:33:09,578 foo             ERROR    listener (for worker 4) Message no. 86
2017-12-04 14:33:09,583 foo             INFO     listener (for worker 1) Message no. 89
2017-12-04 14:33:09,586 foo.bar         ERROR    listener (for worker 3) Message no. 90
2017-12-04 14:33:09,587 foo             WARNING  listener (for worker 5) Message no. 80
2017-12-04 14:33:09,597 foo.bar.baz     INFO     listener (for worker 5) Message no. 81
2017-12-04 14:33:09,597 foo.bar         INFO     listener (for worker 2) Message no. 91
2017-12-04 14:33:09,603 foo.bar         ERROR    listener (for worker 1) Message no. 91
2017-12-04 14:33:09,607 foo.bar         WARNING  listener (for worker 2) Message no. 92
2017-12-04 14:33:09,607 foo.bar         INFO     listener (for worker 5) Message no. 82
2017-12-04 14:33:09,608 foo.bar         ERROR    listener (for worker 4) Message no. 89
2017-12-04 14:33:09,613 foo.bar.baz     ERROR    listener (for worker 1) Message no. 92
2017-12-04 14:33:09,616 foo.bar.baz     WARNING  listener (for worker 3) Message no. 93
2017-12-04 14:33:09,617 foo             DEBUG    listener (for worker 5) Message no. 83
2017-12-04 14:33:09,617 foo.bar         ERROR    listener (for worker 2) Message no. 93
2017-12-04 14:33:09,623 foo             WARNING  listener (for worker 1) Message no. 93
2017-12-04 14:33:09,626 foo.bar.baz     WARNING  listener (for worker 3) Message no. 94
2017-12-04 14:33:09,628 foo.bar.baz     DEBUG    listener (for worker 4) Message no. 91
2017-12-04 14:33:09,636 foo.bar         DEBUG    listener (for worker 3) Message no. 95
2017-12-04 14:33:09,643 foo.bar.baz     ERROR    listener (for worker 1) Message no. 95
2017-12-04 14:33:09,646 foo.bar         CRITICAL listener (for worker 3) Message no. 96
2017-12-04 14:33:09,647 foo.bar.baz     DEBUG    listener (for worker 2) Message no. 96
2017-12-04 14:33:09,648 foo.bar.baz     INFO     listener (for worker 4) Message no. 93
2017-12-04 14:33:09,653 foo             WARNING  listener (for worker 1) Message no. 96
2017-12-04 14:33:09,657 foo.bar         INFO     listener (for worker 2) Message no. 97
2017-12-04 14:33:09,657 foo.bar         DEBUG    listener (for worker 5) Message no. 87
2017-12-04 14:33:09,658 foo.bar.baz     INFO     listener (for worker 4) Message no. 94
2017-12-04 14:33:09,663 foo.bar.baz     ERROR    listener (for worker 1) Message no. 97
2017-12-04 14:33:09,667 foo.bar         CRITICAL listener (for worker 2) Message no. 98
2017-12-04 14:33:09,667 foo.bar         INFO     listener (for worker 5) Message no. 88
2017-12-04 14:33:09,668 foo.bar         ERROR    listener (for worker 4) Message no. 95
2017-12-04 14:33:09,676 foo.bar.baz     WARNING  listener (for worker 3) Message no. 99
2017-12-04 14:33:09,677 foo.bar         DEBUG    listener (for worker 5) Message no. 89
2017-12-04 14:33:09,683 foo.bar         CRITICAL listener (for worker 1) Message no. 99
2017-12-04 14:33:09,694 foo.bar.baz     ERROR    listener (for worker 4) Message no. 97
2017-12-04 14:33:09,704 foo             WARNING  listener (for worker 4) Message no. 98
2017-12-04 14:33:09,711 foo.bar         WARNING  listener (for worker 5) Message no. 92
2017-12-04 14:33:09,721 foo.bar         WARNING  listener (for worker 5) Message no. 93
2017-12-04 14:33:09,751 foo.bar.baz     INFO     listener (for worker 5) Message no. 96
2017-12-04 14:33:09,771 foo             INFO     listener (for worker 5) Message no. 98
2017-12-04 14:33:09,781 foo.bar.baz     INFO     listener (for worker 5) Message no. 99
