2017-12-04 14:33:08,689 foo.bar.baz     ERROR    listener (for worker 1) Message no. 0
2017-12-04 14:33:08,697 foo.bar.baz     CRITICAL listener (for worker 2) Message no. 1
2017-12-04 14:33:08,700 foo.bar         ERROR    listener (for worker 1) Message no. 1
2017-12-04 14:33:08,705 foo             ERROR    listener (for worker 3) Message no. 2
2017-12-04 14:33:08,710 foo.bar         CRITICAL listener (for worker 1) Message no. 2
2017-12-04 14:33:08,717 spam            CRITICAL listener (for worker 2) Message no. 3
2017-12-04 14:33:08,725 spam            ERROR    listener (for worker 3) Message no. 4
2017-12-04 14:33:08,727 foo.bar         ERROR    listener (for worker 2) Message no. 4
2017-12-04 14:33:08,737 foo.bar.baz     ERROR    listener (for worker 2) Message no. 5
2017-12-04 14:33:08,737 spam.ham.eggs   CRITICAL listener (for worker 4) Message no. 2
2017-12-04 14:33:08,740 spam.ham.eggs   CRITICAL listener (for worker 1) Message no. 5
2017-12-04 14:33:08,747 foo.bar         CRITICAL listener (for worker 2) Message no. 6
2017-12-04 14:33:08,747 foo             CRITICAL listener (for worker 4) Message no. 3
2017-12-04 14:33:08,755 spam.ham        ERROR    listener (for worker 3) Message no. 7
2017-12-04 14:33:08,757 foo             CRITICAL listener (for worker 2) Message no. 7
2017-12-04 14:33:08,757 foo.bar.baz     ERROR    listener (for worker 4) Message no. 4
2017-12-04 14:33:08,760 foo.bar.baz     CRITICAL listener (for worker 1) Message no. 7
2017-12-04 14:33:08,765 foo.bar.baz     ERROR    listener (for worker 3) Message no. 8
2017-12-04 14:33:08,767 foo             ERROR    listener (for worker 4) Message no. 5
2017-12-04 14:33:08,777 spam.ham.eggs   CRITICAL listener (for worker 4) Message no. 6
2017-12-04 14:33:08,785 spam.ham        ERROR    listener (for worker 3) Message no. 10
2017-12-04 14:33:08,795 spam.ham.eggs   CRITICAL listener (for worker 3) Message no. 11
2017-12-04 14:33:08,797 spam.ham.eggs   CRITICAL listener (for worker 2) Message no. 11
2017-12-04 14:33:08,800 spam.ham        ERROR    listener (for worker 1) Message no. 11
2017-12-04 14:33:08,807 spam            CRITICAL listener (for worker 2) Message no. 12
2017-12-04 14:33:08,815 spam.ham.eggs   CRITICAL listener (for worker 3) Message no. 13
2017-12-04 14:33:08,816 foo.bar         ERROR    listener (for worker 5) Message no. 3
2017-12-04 14:33:08,817 foo             CRITICAL listener (for worker 2) Message no. 13
2017-12-04 14:33:08,820 foo             ERROR    listener (for worker 1) Message no. 13
2017-12-04 14:33:08,825 foo.bar.baz     CRITICAL listener (for worker 3) Message no. 14
2017-12-04 14:33:08,827 foo.bar         CRITICAL listener (for worker 4) Message no. 11
2017-12-04 14:33:08,836 foo.bar.baz     ERROR    listener (for worker 5) Message no. 5
2017-12-04 14:33:08,840 foo             CRITICAL listener (for worker 1) Message no. 15
2017-12-04 14:33:08,846 spam.ham        CRITICAL listener (for worker 5) Message no. 6
2017-12-04 14:33:08,856 foo             ERROR    listener (for worker 5) Message no. 7
2017-12-04 14:33:08,857 foo.bar.baz     ERROR    listener (for worker 4) Message no. 14
2017-12-04 14:33:08,857 foo             ERROR    listener (for worker 2) Message no. 17
2017-12-04 14:33:08,865 foo.bar.baz     CRITICAL listener (for worker 3) Message no. 18
2017-12-04 14:33:08,866 foo             CRITICAL listener (for worker 5) Message no. 8
2017-12-04 14:33:08,867 spam.ham        ERROR    listener (for worker 4) Message no. 15
2017-12-04 14:33:08,875 foo.bar         ERROR    listener (for worker 3) Message no. 19
2017-12-04 14:33:08,876 foo.bar.baz     ERROR    listener (for worker 5) Message no. 9
2017-12-04 14:33:08,877 spam            CRITICAL listener (for worker 4) Message no. 16
2017-12-04 14:33:08,885 spam.ham        ERROR    listener (for worker 3) Message no. 20
2017-12-04 14:33:08,886 spam.ham.eggs   CRITICAL listener (for worker 5) Message no. 10
2017-12-04 14:33:08,887 spam.ham.eggs   CRITICAL listener (for worker 2) Message no. 20
2017-12-04 14:33:08,895 spam.ham.eggs   CRITICAL listener (for worker 3) Message no. 21
2017-12-04 14:33:08,897 foo.bar.baz     CRITICAL listener (for worker 2) Message no. 21
2017-12-04 14:33:08,905 foo.bar.baz     CRITICAL listener (for worker 3) Message no. 22
2017-12-04 14:33:08,915 spam            ERROR    listener (for worker 3) Message no. 23
2017-12-04 14:33:08,917 spam            CRITICAL listener (for worker 2) Message no. 23
2017-12-04 14:33:08,917 foo.bar         ERROR    listener (for worker 4) Message no. 20
2017-12-04 14:33:08,927 spam            ERROR    listener (for worker 4) Message no. 21
2017-12-04 14:33:08,935 spam.ham.eggs   ERROR    listener (for worker 3) Message no. 25
2017-12-04 14:33:08,936 spam.ham        CRITICAL listener (for worker 5) Message no. 15
2017-12-04 14:33:08,957 spam            CRITICAL listener (for worker 4) Message no. 24
2017-12-04 14:33:08,977 foo.bar.baz     CRITICAL listener (for worker 4) Message no. 26
2017-12-04 14:33:08,980 spam.ham.eggs   ERROR    listener (for worker 1) Message no. 29
2017-12-04 14:33:08,986 spam.ham        ERROR    listener (for worker 5) Message no. 20
2017-12-04 14:33:08,987 spam.ham        CRITICAL listener (for worker 2) Message no. 30
2017-12-04 14:33:08,990 spam.ham.eggs   CRITICAL listener (for worker 1) Message no. 30
2017-12-04 14:33:08,997 spam.ham.eggs   CRITICAL listener (for worker 2) Message no. 31
2017-12-04 14:33:08,997 foo.bar         CRITICAL listener (for worker 4) Message no. 28
2017-12-04 14:33:09,005 spam.ham.eggs   ERROR    listener (for worker 3) Message no. 32
2017-12-04 14:33:09,007 foo.bar.baz     CRITICAL listener (for worker 2) Message no. 32
2017-12-04 14:33:09,010 foo             CRITICAL listener (for worker 1) Message no. 32
2017-12-04 14:33:09,016 foo.bar.baz     CRITICAL listener (for worker 5) Message no. 23
2017-12-04 14:33:09,017 spam.ham.eggs   CRITICAL listener (for worker 4) Message no. 30
2017-12-04 14:33:09,026 spam.ham.eggs   CRITICAL listener (for worker 5) Message no. 24
2017-12-04 14:33:09,035 spam.ham        ERROR    listener (for worker 3) Message no. 35
2017-12-04 14:33:09,055 foo.bar.baz     CRITICAL listener (for worker 3) Message no. 37
2017-12-04 14:33:09,057 foo             ERROR    listener (for worker 2) Message no. 37
2017-12-04 14:33:09,060 spam.ham        CRITICAL listener (for worker 1) Message no. 37
2017-12-04 14:33:09,066 spam.ham        ERROR    listener (for worker 5) Message no. 28
2017-12-04 14:33:09,076 foo             ERROR    listener (for worker 5) Message no. 29
2017-12-04 14:33:09,077 foo.bar         ERROR    listener (for worker 2) Message no. 39
2017-12-04 14:33:09,078 foo.bar         CRITICAL listener (for worker 4) Message no. 36
2017-12-04 14:33:09,085 spam.ham.eggs   CRITICAL listener (for worker 3) Message no. 40
2017-12-04 14:33:09,086 spam.ham.eggs   CRITICAL listener (for worker 5) Message no. 30
2017-12-04 14:33:09,088 spam.ham.eggs   ERROR    listener (for worker 4) Message no. 37
2017-12-04 14:33:09,090 spam            CRITICAL listener (for worker 1) Message no. 40
2017-12-04 14:33:09,095 spam.ham        ERROR    listener (for worker 3) Message no. 41
2017-12-04 14:33:09,098 foo.bar         CRITICAL listener (for worker 4) Message no. 38
2017-12-04 14:33:09,107 foo.bar         CRITICAL listener (for worker 2) Message no. 42
2017-12-04 14:33:09,108 spam.ham.eggs   ERROR    listener (for worker 4) Message no. 39
2017-12-04 14:33:09,120 foo             CRITICAL listener (for worker 1) Message no. 43
2017-12-04 14:33:09,126 spam.ham        ERROR    listener (for worker 5) Message no. 34
2017-12-04 14:33:09,127 foo.bar         ERROR    listener (for worker 2) Message no. 44
2017-12-04 14:33:09,130 foo.bar         ERROR    listener (for worker 1) Message no. 44
2017-12-04 14:33:09,136 spam            CRITICAL listener (for worker 5) Message no. 35
2017-12-04 14:33:09,138 spam.ham.eggs   CRITICAL listener (for worker 4) Message no. 42
2017-12-04 14:33:09,146 foo.bar.baz     CRITICAL listener (for worker 5) Message no. 36
2017-12-04 14:33:09,147 spam.ham        CRITICAL listener (for worker 2) Message no. 46
2017-12-04 14:33:09,158 spam.ham        ERROR    listener (for worker 4) Message no. 44
2017-12-04 14:33:09,166 spam            CRITICAL listener (for worker 5) Message no. 38
2017-12-04 14:33:09,167 spam            ERROR    listener (for worker 2) Message no. 48
2017-12-04 14:33:09,168 foo.bar.baz     ERROR    listener (for worker 4) Message no. 45
2017-12-04 14:33:09,175 spam            CRITICAL listener (for worker 3) Message no. 49
2017-12-04 14:33:09,177 foo.bar         CRITICAL listener (for worker 2) Message no. 49
2017-12-04 14:33:09,187 foo.bar.baz     CRITICAL listener (for worker 2) Message no. 50
2017-12-04 14:33:09,188 spam            ERROR    listener (for worker 4) Message no. 47
2017-12-04 14:33:09,195 foo.bar         CRITICAL listener (for worker 3) Message no. 51
2017-12-04 14:33:09,197 foo             ERROR    listener (for worker 2) Message no. 51
2017-12-04 14:33:09,206 spam.ham        ERROR    listener (for worker 5) Message no. 42
2017-12-04 14:33:09,208 spam.ham        ERROR    listener (for worker 4) Message no. 49
2017-12-04 14:33:09,215 spam.ham        CRITICAL listener (for worker 3) Message no. 53
2017-12-04 14:33:09,216 spam.ham        ERROR    listener (for worker 5) Message no. 43
2017-12-04 14:33:09,217 foo.bar         CRITICAL listener (for worker 2) Message no. 53
2017-12-04 14:33:09,218 foo.bar         CRITICAL listener (for worker 4) Message no. 50
2017-12-04 14:33:09,220 foo.bar.baz     ERROR    listener (for worker 1) Message no. 53
2017-12-04 14:33:09,225 foo.bar.baz     CRITICAL listener (for worker 3) Message no. 54
2017-12-04 14:33:09,230 spam            ERROR    listener (for worker 1) Message no. 54
2017-12-04 14:33:09,240 foo.bar.baz     ERROR    listener (for worker 1) Message no. 55
2017-12-04 14:33:09,247 foo             ERROR    listener (for worker 2) Message no. 56
2017-12-04 14:33:09,250 spam.ham.eggs   CRITICAL listener (for worker 1) Message no. 56
2017-12-04 14:33:09,266 foo             ERROR    listener (for worker 3) Message no. 58
2017-12-04 14:33:09,266 foo.bar.baz     CRITICAL listener (for worker 5) Message no. 48
2017-12-04 14:33:09,267 foo             ERROR    listener (for worker 2) Message no. 58
2017-12-04 14:33:09,268 spam.ham        ERROR    listener (for worker 4) Message no. 55
2017-12-04 14:33:09,276 foo.bar.baz     ERROR    listener (for worker 3) Message no. 59
2017-12-04 14:33:09,280 foo             ERROR    listener (for worker 1) Message no. 59
2017-12-04 14:33:09,290 spam            CRITICAL listener (for worker 1) Message no. 60
2017-12-04 14:33:09,296 spam.ham        CRITICAL listener (for worker 5) Message no. 51
2017-12-04 14:33:09,298 spam.ham        CRITICAL listener (for worker 4) Message no. 58
2017-12-04 14:33:09,306 foo.bar.baz     CRITICAL listener (for worker 5) Message no. 52
2017-12-04 14:33:09,306 foo.bar.baz     CRITICAL listener (for worker 3) Message no. 62
2017-12-04 14:33:09,310 spam.ham        ERROR    listener (for worker 1) Message no. 62
2017-12-04 14:33:09,316 spam.ham.eggs   CRITICAL listener (for worker 5) Message no. 53
2017-12-04 14:33:09,318 spam.ham        CRITICAL listener (for worker 4) Message no. 60
2017-12-04 14:33:09,326 foo.bar         CRITICAL listener (for worker 5) Message no. 54
2017-12-04 14:33:09,327 foo             ERROR    listener (for worker 2) Message no. 64
2017-12-04 14:33:09,330 spam.ham.eggs   CRITICAL listener (for worker 1) Message no. 64
2017-12-04 14:33:09,338 foo             CRITICAL listener (for worker 4) Message no. 62
2017-12-04 14:33:09,346 foo             ERROR    listener (for worker 3) Message no. 66
2017-12-04 14:33:09,350 spam.ham        ERROR    listener (for worker 1) Message no. 66
2017-12-04 14:33:09,356 spam            ERROR    listener (for worker 5) Message no. 57
2017-12-04 14:33:09,357 foo.bar.baz     CRITICAL listener (for worker 2) Message no. 67
2017-12-04 14:33:09,358 foo             ERROR    listener (for worker 4) Message no. 64
2017-12-04 14:33:09,366 foo.bar.baz     ERROR    listener (for worker 3) Message no. 68
2017-12-04 14:33:09,367 foo.bar         ERROR    listener (for worker 2) Message no. 68
2017-12-04 14:33:09,368 spam            CRITICAL listener (for worker 4) Message no. 65
2017-12-04 14:33:09,370 foo.bar.baz     CRITICAL listener (for worker 1) Message no. 68
2017-12-04 14:33:09,376 spam.ham.eggs   CRITICAL listener (for worker 5) Message no. 59
2017-12-04 14:33:09,377 spam.ham.eggs   ERROR    listener (for worker 2) Message no. 69
2017-12-04 14:33:09,378 spam            ERROR    listener (for worker 4) Message no. 66
2017-12-04 14:33:09,380 foo             CRITICAL listener (for worker 1) Message no. 69
2017-12-04 14:33:09,386 foo             ERROR    listener (for worker 5) Message no. 60
2017-12-04 14:33:09,388 foo.bar.baz     CRITICAL listener (for worker 4) Message no. 67
2017-12-04 14:33:09,396 spam.ham        CRITICAL listener (for worker 5) Message no. 61
2017-12-04 14:33:09,396 foo.bar.baz     ERROR    listener (for worker 3) Message no. 71
2017-12-04 14:33:09,406 spam            ERROR    listener (for worker 3) Message no. 72
2017-12-04 14:33:09,407 spam.ham.eggs   CRITICAL listener (for worker 2) Message no. 72
2017-12-04 14:33:09,416 spam.ham.eggs   ERROR    listener (for worker 3) Message no. 73
2017-12-04 14:33:09,417 foo             ERROR    listener (for worker 2) Message no. 73
2017-12-04 14:33:09,426 foo.bar.baz     CRITICAL listener (for worker 3) Message no. 74
2017-12-04 14:33:09,428 foo.bar         CRITICAL listener (for worker 4) Message no. 71
2017-12-04 14:33:09,436 spam.ham        ERROR    listener (for worker 5) Message no. 65
2017-12-04 14:33:09,446 foo.bar.baz     ERROR    listener (for worker 3) Message no. 76
2017-12-04 14:33:09,447 spam.ham.eggs   CRITICAL listener (for worker 2) Message no. 76
2017-12-04 14:33:09,448 foo             ERROR    listener (for worker 4) Message no. 73
2017-12-04 14:33:09,456 foo.bar.baz     CRITICAL listener (for worker 3) Message no. 77
2017-12-04 14:33:09,457 foo.bar         ERROR    listener (for worker 2) Message no. 77
2017-12-04 14:33:09,458 spam.ham.eggs   ERROR    listener (for worker 4) Message no. 74
2017-12-04 14:33:09,467 foo             ERROR    listener (for worker 2) Message no. 78
2017-12-04 14:33:09,470 foo.bar.baz     ERROR    listener (for worker 1) Message no. 78
2017-12-04 14:33:09,476 spam.ham.eggs   ERROR    listener (for worker 3) Message no. 79
2017-12-04 14:33:09,477 spam.ham        ERROR    listener (for worker 2) Message no. 79
2017-12-04 14:33:09,480 foo.bar         CRITICAL listener (for worker 1) Message no. 79
2017-12-04 14:33:09,490 spam            ERROR    listener (for worker 1) Message no. 80
2017-12-04 14:33:09,507 foo.bar.baz     CRITICAL listener (for worker 2) Message no. 82
2017-12-04 14:33:09,508 foo.bar         ERROR    listener (for worker 4) Message no. 79
2017-12-04 14:33:09,516 spam            CRITICAL listener (for worker 3) Message no. 83
2017-12-04 14:33:09,518 spam.ham        CRITICAL listener (for worker 4) Message no. 80
2017-12-04 14:33:09,523 foo             CRITICAL listener (for worker 1) Message no. 83
2017-12-04 14:33:09,533 spam.ham.eggs   CRITICAL listener (for worker 1) Message no. 84
2017-12-04 14:33:09,537 foo             ERROR    listener (for worker 2) Message no. 85
2017-12-04 14:33:09,538 foo.bar         ERROR    listener (for worker 4) Message no. 82
2017-12-04 14:33:09,546 foo.bar         CRITICAL listener (for worker 3) Message no. 86
2017-12-04 14:33:09,547 foo.bar         CRITICAL listener (for worker 5) Message no. 76
2017-12-04 14:33:09,566 foo.bar         ERROR    listener (for worker 3) Message no. 88
2017-12-04 14:33:09,568 spam            ERROR    listener (for worker 4) Message no. 85
2017-12-04 14:33:09,573 spam            CRITICAL listener (for worker 1) Message no. 88
2017-12-04 14:33:09,578 foo             ERROR    listener (for worker 4) Message no. 86
2017-12-04 14:33:09,586 foo.bar         ERROR    listener (for worker 3) Message no. 90
2017-12-04 14:33:09,588 spam            CRITICAL listener (for worker 4) Message no. 87
2017-12-04 14:33:09,603 foo.bar         ERROR    listener (for worker 1) Message no. 91
2017-12-04 14:33:09,606 spam.ham.eggs   CRITICAL listener (for worker 3) Message no. 92
2017-12-04 14:33:09,608 foo.bar         ERROR    listener (for worker 4) Message no. 89
2017-12-04 14:33:09,613 foo.bar.baz     ERROR    listener (for worker 1) Message no. 92
2017-12-04 14:33:09,617 foo.bar         ERROR    listener (for worker 2) Message no. 93
2017-12-04 14:33:09,618 spam.ham.eggs   ERROR    listener (for worker 4) Message no. 90
2017-12-04 14:33:09,627 spam            ERROR    listener (for worker 2) Message no. 94
2017-12-04 14:33:09,637 spam            ERROR    listener (for worker 5) Message no. 85
2017-12-04 14:33:09,637 spam            CRITICAL listener (for worker 2) Message no. 95
2017-12-04 14:33:09,643 foo.bar.baz     ERROR    listener (for worker 1) Message no. 95
2017-12-04 14:33:09,646 foo.bar         CRITICAL listener (for worker 3) Message no. 96
2017-12-04 14:33:09,656 spam            ERROR    listener (for worker 3) Message no. 97
2017-12-04 14:33:09,663 foo.bar.baz     ERROR    listener (for worker 1) Message no. 97
2017-12-04 14:33:09,667 foo.bar         CRITICAL listener (for worker 2) Message no. 98
2017-12-04 14:33:09,668 foo.bar         ERROR    listener (for worker 4) Message no. 95
2017-12-04 14:33:09,683 foo.bar         CRITICAL listener (for worker 1) Message no. 99
2017-12-04 14:33:09,687 spam            ERROR    listener (for worker 5) Message no. 90
2017-12-04 14:33:09,694 foo.bar.baz     ERROR    listener (for worker 4) Message no. 97
2017-12-04 14:33:09,701 spam.ham        ERROR    listener (for worker 5) Message no. 91
2017-12-04 14:33:09,741 spam            CRITICAL listener (for worker 5) Message no. 95
2017-12-04 14:33:09,761 spam.ham        ERROR    listener (for worker 5) Message no. 97
